<?xml version="1.0" encoding="UTF-8"?>
<testsuite xmlns:xsi="http://www.w3.org/2001/XMLSchema-instance" xsi:noNamespaceSchemaLocation="https://maven.apache.org/surefire/maven-surefire-plugin/xsd/surefire-test-report.xsd" name="cn.lbd.test.TestController" time="10.58" tests="1" errors="1" skipped="0" failures="0">
  <properties>
[...]
</properties>
  <testcase name="test" classname="cn.lbd.test.TestController" time="1.213">
    <error type="java.lang.NullPointerException">java.lang.NullPointerException
	at cn.lbd.test.TestController.test(TestController.java:41)
</error>
    <system-out><![CDATA[2020-03-14 00:19:52,866 0      [           main] INFO  web.WebTestContextBootstrapper  - Loaded default TestExecutionListener class names from location [META-INF/spring.factories]: [org.springframework.test.context.web.ServletTestExecutionListener, org.springframework.test.context.support.DirtiesContextBeforeModesTestExecutionListener, org.springframework.test.context.support.DependencyInjectionTestExecutionListener, org.springframework.test.context.support.DirtiesContextTestExecutionListener, org.springframework.test.context.transaction.TransactionalTestExecutionListener, org.springframework.test.context.jdbc.SqlScriptsTestExecutionListener]
2020-03-14 00:19:53,011 145    [           main] INFO  web.WebTestContextBootstrapper  - Using TestExecutionListeners: [org.springframework.test.context.web.ServletTestExecutionListener@5e316c74, org.springframework.test.context.support.DirtiesContextBeforeModesTestExecutionListener@6d2a209c, org.springframework.test.context.support.DependencyInjectionTestExecutionListener@75329a49, org.springframework.test.context.support.DirtiesContextTestExecutionListener@161479c6, org.springframework.test.context.transaction.TransactionalTestExecutionListener@4313f5bc, org.springframework.test.context.jdbc.SqlScriptsTestExecutionListener@7f010382]
2020-03-14 00:19:53,312 446    [           main] INFO  ry.xml.XmlBeanDefinitionReader  - Loading XML bean definitions from class path resource [ApplicationContext.xml]
2020-03-14 00:19:53,960 1094   [           main] INFO  ry.xml.XmlBeanDefinitionReader  - Loading XML bean definitions from class path resource [Springmvc.xml]
2020-03-14 00:19:54,481 1615   [           main] INFO  t.GenericWebApplicationContext  - Refreshing org.springframework.web.context.support.GenericWebApplicationContext@31368b99: startup date [Sat Mar 14 00:19:54 CST 2020]; root of context hierarchy
2020-03-14 00:19:55,337 2471   [           main] INFO         com.mchange.v2.log.MLog  - MLog clients using log4j logging.
2020-03-14 00:19:56,052 3186   [           main] INFO  m.mchange.v2.c3p0.C3P0Registry  - Initializing c3p0-0.9.1.2 [built 21-May-2007 15:04:56; debug? true; trace: 10]
2020-03-14 00:20:00,264 7398   [           main] INFO  andler.SimpleUrlHandlerMapping  - Mapped URL path [/static/**] onto handler 'org.springframework.web.servlet.resource.ResourceHttpRequestHandler#0'
2020-03-14 00:20:00,483 7617   [           main] INFO  n.RequestMappingHandlerMapping  - Mapped "{[/department/findAll]}" onto public cn.lbd.domain.Msg cn.lbd.controller.DepartmentController.findAll()
2020-03-14 00:20:00,500 7634   [           main] INFO  n.RequestMappingHandlerMapping  - Mapped "{[/employee/findAll],methods=[POST]}" onto public cn.lbd.domain.Msg cn.lbd.controller.EmployeeController.saveEmp(cn.lbd.domain.Employee,org.springframework.validation.BindingResult)
2020-03-14 00:20:00,500 7634   [           main] INFO  n.RequestMappingHandlerMapping  - Mapped "{[/employee/findAll/{empId}],methods=[PUT]}" onto public cn.lbd.domain.Msg cn.lbd.controller.EmployeeController.updateEmp(cn.lbd.domain.Employee,javax.servlet.http.HttpServletRequest)
2020-03-14 00:20:00,500 7634   [           main] INFO  n.RequestMappingHandlerMapping  - Mapped "{[/employee/findAll/{empIds}],methods=[DELETE]}" onto public cn.lbd.domain.Msg cn.lbd.controller.EmployeeController.deleteEmp(java.lang.String)
2020-03-14 00:20:00,500 7634   [           main] INFO  n.RequestMappingHandlerMapping  - Mapped "{[/employee/checkempName]}" onto public cn.lbd.domain.Msg cn.lbd.controller.EmployeeController.checkempName(java.lang.String)
2020-03-14 00:20:00,500 7634   [           main] INFO  n.RequestMappingHandlerMapping  - Mapped "{[/employee/findAll/{id}],methods=[GET]}" onto public cn.lbd.domain.Msg cn.lbd.controller.EmployeeController.getEmp(java.lang.Integer)
2020-03-14 00:20:00,500 7634   [           main] INFO  n.RequestMappingHandlerMapping  - Mapped "{[/employee/findAll]}" onto public cn.lbd.domain.Msg cn.lbd.controller.EmployeeController.findAllWithJson(java.lang.Integer)
2020-03-14 00:20:00,643 7777   [           main] INFO  alidator.internal.util.Version  - HV000001: Hibernate Validator 5.4.1.Final
2020-03-14 00:20:01,099 8233   [           main] INFO  n.RequestMappingHandlerAdapter  - Looking for @ControllerAdvice: org.springframework.web.context.support.GenericWebApplicationContext@31368b99: startup date [Sat Mar 14 00:19:54 CST 2020]; root of context hierarchy
2020-03-14 00:20:01,162 8296   [           main] INFO  n.RequestMappingHandlerAdapter  - Looking for @ControllerAdvice: org.springframework.web.context.support.GenericWebApplicationContext@31368b99: startup date [Sat Mar 14 00:19:54 CST 2020]; root of context hierarchy
2020-03-14 00:20:01,295 8429   [           main] INFO  rk.mock.web.MockServletContext  - Initializing Spring FrameworkServlet ''
2020-03-14 00:20:01,295 8429   [           main] INFO  .servlet.TestDispatcherServlet  - FrameworkServlet '': initialization started
2020-03-14 00:20:01,313 8447   [           main] INFO  .servlet.TestDispatcherServlet  - FrameworkServlet '': initialization completed in 17 ms
2020-03-14 00:20:01,464 8598   [           main] INFO  l.AbstractPoolBackedDataSource  - Initializing c3p0 pool... com.mchange.v2.c3p0.ComboPooledDataSource [ acquireIncrement -> 3, acquireRetryAttempts -> 30, acquireRetryDelay -> 1000, autoCommitOnClose -> false, automaticTestTable -> null, breakAfterAcquireFailure -> false, checkoutTimeout -> 0, connectionCustomizerClassName -> null, connectionTesterClassName -> com.mchange.v2.c3p0.impl.DefaultConnectionTester, dataSourceName -> 1hgf7y9a81n0juki1d89phm|546ccad7, debugUnreturnedConnectionStackTraces -> false, description -> null, driverClass -> com.mysql.jdbc.Driver, factoryClassLocation -> null, forceIgnoreUnresolvedTransactions -> false, identityToken -> 1hgf7y9a81n0juki1d89phm|546ccad7, idleConnectionTestPeriod -> 0, initialPoolSize -> 3, jdbcUrl -> jdbc:mysql://localhost:3306/ssm_curd?characterEncoding=utf-8, maxAdministrativeTaskTime -> 0, maxConnectionAge -> 0, maxIdleTime -> 0, maxIdleTimeExcessConnections -> 0, maxPoolSize -> 15, maxStatements -> 0, maxStatementsPerConnection -> 0, minPoolSize -> 3, numHelperThreads -> 3, numThreadsAwaitingCheckoutDefaultUser -> 0, preferredTestQuery -> null, properties -> {password=******, user=******}, propertyCycle -> 0, testConnectionOnCheckin -> false, testConnectionOnCheckout -> false, unreturnedConnectionTimeout -> 0, usesTraditionalReflectiveProxies -> false ]
]]></system-out>
  </testcase>
</testsuite>