<?xml version="1.0" encoding="UTF-8"?>
<testsuite xmlns:xsi="http://www.w3.org/2001/XMLSchema-instance" xsi:noNamespaceSchemaLocation="https://maven.apache.org/surefire/maven-surefire-plugin/xsd/surefire-test-report.xsd" name="cn.lbd.test.TestDao" time="9.233" tests="5" errors="0" skipped="0" failures="0">
  <properties>
[...]
</properties>
  <testcase name="findAll" classname="cn.lbd.test.TestDao" time="1.02"/>
  <testcase name="test" classname="cn.lbd.test.TestDao" time="0.002"/>
  <testcase name="test1" classname="cn.lbd.test.TestDao" time="0"/>
  <testcase name="test2" classname="cn.lbd.test.TestDao" time="7.994"/>
  <testcase name="test3" classname="cn.lbd.test.TestDao" time="0.049"/>
</testsuite>